This is pdfTeX, Version 3.1415926-2.3-1.40.12 (MiKTeX 2.9) (preloaded format=pdflatex 2014.1.21)  6 APR 2014 21:54
entering extended mode
**assignment3.tex

("C:\Users\tmm13\Dropbox\Tom\PhD\assignments\2013\Computational Stochastic Proc
esses\project3\assignment3.tex"
LaTeX2e <2011/06/27>
Babel <v3.8m> and hyphenation patterns for english, afrikaans, ancientgreek, ar
abic, armenian, assamese, basque, bengali, bokmal, bulgarian, catalan, coptic, 
croatian, czech, danish, dutch, esperanto, estonian, farsi, finnish, french, ga
lician, german, german-x-2009-06-19, greek, gujarati, hindi, hungarian, iceland
ic, indonesian, interlingua, irish, italian, kannada, kurmanji, lao, latin, lat
vian, lithuanian, malayalam, marathi, mongolian, mongolianlmc, monogreek, ngerm
an, ngerman-x-2009-06-19, nynorsk, oriya, panjabi, pinyin, polish, portuguese, 
romanian, russian, sanskrit, serbian, slovak, slovenian, spanish, swedish, swis
sgerman, tamil, telugu, turkish, turkmen, ukenglish, ukrainian, uppersorbian, u
senglishmax, welsh, loaded.
("C:\Program Files (x86)\MiKTeX 2.9\tex\latex\base\article.cls"
Document Class: article 2007/10/19 v1.4h Standard LaTeX document class
("C:\Program Files (x86)\MiKTeX 2.9\tex\latex\base\size11.clo"
File: size11.clo 2007/10/19 v1.4h Standard LaTeX file (size option)
)
\c@part=\count79
\c@section=\count80
\c@subsection=\count81
\c@subsubsection=\count82
\c@paragraph=\count83
\c@subparagraph=\count84
\c@figure=\count85
\c@table=\count86
\abovecaptionskip=\skip41
\belowcaptionskip=\skip42
\bibindent=\dimen102
)
("C:\Program Files (x86)\MiKTeX 2.9\tex\latex\base\inputenc.sty"
Package: inputenc 2008/03/30 v1.1d Input encoding file
\inpenc@prehook=\toks14
\inpenc@posthook=\toks15

("C:\Program Files (x86)\MiKTeX 2.9\tex\latex\base\utf8.def"
File: utf8.def 2008/04/05 v1.1m UTF-8 support for inputenc
Now handling font encoding OML ...
... no UTF-8 mapping file for font encoding OML
Now handling font encoding T1 ...
... processing UTF-8 mapping file for font encoding T1

("C:\Program Files (x86)\MiKTeX 2.9\tex\latex\base\t1enc.dfu"
File: t1enc.dfu 2008/04/05 v1.1m UTF-8 support for inputenc
   defining Unicode char U+00A1 (decimal 161)
   defining Unicode char U+00A3 (decimal 163)
   defining Unicode char U+00AB (decimal 171)
   defining Unicode char U+00BB (decimal 187)
   defining Unicode char U+00BF (decimal 191)
   defining Unicode char U+00C0 (decimal 192)
   defining Unicode char U+00C1 (decimal 193)
   defining Unicode char U+00C2 (decimal 194)
   defining Unicode char U+00C3 (decimal 195)
   defining Unicode char U+00C4 (decimal 196)
   defining Unicode char U+00C5 (decimal 197)
   defining Unicode char U+00C6 (decimal 198)
   defining Unicode char U+00C7 (decimal 199)
   defining Unicode char U+00C8 (decimal 200)
   defining Unicode char U+00C9 (decimal 201)
   defining Unicode char U+00CA (decimal 202)
   defining Unicode char U+00CB (decimal 203)
   defining Unicode char U+00CC (decimal 204)
   defining Unicode char U+00CD (decimal 205)
   defining Unicode char U+00CE (decimal 206)
   defining Unicode char U+00CF (decimal 207)
   defining Unicode char U+00D0 (decimal 208)
   defining Unicode char U+00D1 (decimal 209)
   defining Unicode char U+00D2 (decimal 210)
   defining Unicode char U+00D3 (decimal 211)
   defining Unicode char U+00D4 (decimal 212)
   defining Unicode char U+00D5 (decimal 213)
   defining Unicode char U+00D6 (decimal 214)
   defining Unicode char U+00D8 (decimal 216)
   defining Unicode char U+00D9 (decimal 217)
   defining Unicode char U+00DA (decimal 218)
   defining Unicode char U+00DB (decimal 219)
   defining Unicode char U+00DC (decimal 220)
   defining Unicode char U+00DD (decimal 221)
   defining Unicode char U+00DE (decimal 222)
   defining Unicode char U+00DF (decimal 223)
   defining Unicode char U+00E0 (decimal 224)
   defining Unicode char U+00E1 (decimal 225)
   defining Unicode char U+00E2 (decimal 226)
   defining Unicode char U+00E3 (decimal 227)
   defining Unicode char U+00E4 (decimal 228)
   defining Unicode char U+00E5 (decimal 229)
   defining Unicode char U+00E6 (decimal 230)
   defining Unicode char U+00E7 (decimal 231)
   defining Unicode char U+00E8 (decimal 232)
   defining Unicode char U+00E9 (decimal 233)
   defining Unicode char U+00EA (decimal 234)
   defining Unicode char U+00EB (decimal 235)
   defining Unicode char U+00EC (decimal 236)
   defining Unicode char U+00ED (decimal 237)
   defining Unicode char U+00EE (decimal 238)
   defining Unicode char U+00EF (decimal 239)
   defining Unicode char U+00F0 (decimal 240)
   defining Unicode char U+00F1 (decimal 241)
   defining Unicode char U+00F2 (decimal 242)
   defining Unicode char U+00F3 (decimal 243)
   defining Unicode char U+00F4 (decimal 244)
   defining Unicode char U+00F5 (decimal 245)
   defining Unicode char U+00F6 (decimal 246)
   defining Unicode char U+00F8 (decimal 248)
   defining Unicode char U+00F9 (decimal 249)
   defining Unicode char U+00FA (decimal 250)
   defining Unicode char U+00FB (decimal 251)
   defining Unicode char U+00FC (decimal 252)
   defining Unicode char U+00FD (decimal 253)
   defining Unicode char U+00FE (decimal 254)
   defining Unicode char U+00FF (decimal 255)
   defining Unicode char U+0102 (decimal 258)
   defining Unicode char U+0103 (decimal 259)
   defining Unicode char U+0104 (decimal 260)
   defining Unicode char U+0105 (decimal 261)
   defining Unicode char U+0106 (decimal 262)
   defining Unicode char U+0107 (decimal 263)
   defining Unicode char U+010C (decimal 268)
   defining Unicode char U+010D (decimal 269)
   defining Unicode char U+010E (decimal 270)
   defining Unicode char U+010F (decimal 271)
   defining Unicode char U+0110 (decimal 272)
   defining Unicode char U+0111 (decimal 273)
   defining Unicode char U+0118 (decimal 280)
   defining Unicode char U+0119 (decimal 281)
   defining Unicode char U+011A (decimal 282)
   defining Unicode char U+011B (decimal 283)
   defining Unicode char U+011E (decimal 286)
   defining Unicode char U+011F (decimal 287)
   defining Unicode char U+0130 (decimal 304)
   defining Unicode char U+0131 (decimal 305)
   defining Unicode char U+0132 (decimal 306)
   defining Unicode char U+0133 (decimal 307)
   defining Unicode char U+0139 (decimal 313)
   defining Unicode char U+013A (decimal 314)
   defining Unicode char U+013D (decimal 317)
   defining Unicode char U+013E (decimal 318)
   defining Unicode char U+0141 (decimal 321)
   defining Unicode char U+0142 (decimal 322)
   defining Unicode char U+0143 (decimal 323)
   defining Unicode char U+0144 (decimal 324)
   defining Unicode char U+0147 (decimal 327)
   defining Unicode char U+0148 (decimal 328)
   defining Unicode char U+014A (decimal 330)
   defining Unicode char U+014B (decimal 331)
   defining Unicode char U+0150 (decimal 336)
   defining Unicode char U+0151 (decimal 337)
   defining Unicode char U+0152 (decimal 338)
   defining Unicode char U+0153 (decimal 339)
   defining Unicode char U+0154 (decimal 340)
   defining Unicode char U+0155 (decimal 341)
   defining Unicode char U+0158 (decimal 344)
   defining Unicode char U+0159 (decimal 345)
   defining Unicode char U+015A (decimal 346)
   defining Unicode char U+015B (decimal 347)
   defining Unicode char U+015E (decimal 350)
   defining Unicode char U+015F (decimal 351)
   defining Unicode char U+0160 (decimal 352)
   defining Unicode char U+0161 (decimal 353)
   defining Unicode char U+0162 (decimal 354)
   defining Unicode char U+0163 (decimal 355)
   defining Unicode char U+0164 (decimal 356)
   defining Unicode char U+0165 (decimal 357)
   defining Unicode char U+016E (decimal 366)
   defining Unicode char U+016F (decimal 367)
   defining Unicode char U+0170 (decimal 368)
   defining Unicode char U+0171 (decimal 369)
   defining Unicode char U+0178 (decimal 376)
   defining Unicode char U+0179 (decimal 377)
   defining Unicode char U+017A (decimal 378)
   defining Unicode char U+017B (decimal 379)
   defining Unicode char U+017C (decimal 380)
   defining Unicode char U+017D (decimal 381)
   defining Unicode char U+017E (decimal 382)
   defining Unicode char U+200C (decimal 8204)
   defining Unicode char U+2013 (decimal 8211)
   defining Unicode char U+2014 (decimal 8212)
   defining Unicode char U+2018 (decimal 8216)
   defining Unicode char U+2019 (decimal 8217)
   defining Unicode char U+201A (decimal 8218)
   defining Unicode char U+201C (decimal 8220)
   defining Unicode char U+201D (decimal 8221)
   defining Unicode char U+201E (decimal 8222)
   defining Unicode char U+2030 (decimal 8240)
   defining Unicode char U+2031 (decimal 8241)
   defining Unicode char U+2039 (decimal 8249)
   defining Unicode char U+203A (decimal 8250)
   defining Unicode char U+2423 (decimal 9251)
)
Now handling font encoding OT1 ...
... processing UTF-8 mapping file for font encoding OT1

("C:\Program Files (x86)\MiKTeX 2.9\tex\latex\base\ot1enc.dfu"
File: ot1enc.dfu 2008/04/05 v1.1m UTF-8 support for inputenc
   defining Unicode char U+00A1 (decimal 161)
   defining Unicode char U+00A3 (decimal 163)
   defining Unicode char U+00B8 (decimal 184)
   defining Unicode char U+00BF (decimal 191)
   defining Unicode char U+00C5 (decimal 197)
   defining Unicode char U+00C6 (decimal 198)
   defining Unicode char U+00D8 (decimal 216)
   defining Unicode char U+00DF (decimal 223)
   defining Unicode char U+00E6 (decimal 230)
   defining Unicode char U+00EC (decimal 236)
   defining Unicode char U+00ED (decimal 237)
   defining Unicode char U+00EE (decimal 238)
   defining Unicode char U+00EF (decimal 239)
   defining Unicode char U+00F8 (decimal 248)
   defining Unicode char U+0131 (decimal 305)
   defining Unicode char U+0141 (decimal 321)
   defining Unicode char U+0142 (decimal 322)
   defining Unicode char U+0152 (decimal 338)
   defining Unicode char U+0153 (decimal 339)
   defining Unicode char U+2013 (decimal 8211)
   defining Unicode char U+2014 (decimal 8212)
   defining Unicode char U+2018 (decimal 8216)
   defining Unicode char U+2019 (decimal 8217)
   defining Unicode char U+201C (decimal 8220)
   defining Unicode char U+201D (decimal 8221)
)
Now handling font encoding OMS ...
... processing UTF-8 mapping file for font encoding OMS

("C:\Program Files (x86)\MiKTeX 2.9\tex\latex\base\omsenc.dfu"
File: omsenc.dfu 2008/04/05 v1.1m UTF-8 support for inputenc
   defining Unicode char U+00A7 (decimal 167)
   defining Unicode char U+00B6 (decimal 182)
   defining Unicode char U+00B7 (decimal 183)
   defining Unicode char U+2020 (decimal 8224)
   defining Unicode char U+2021 (decimal 8225)
   defining Unicode char U+2022 (decimal 8226)
)
Now handling font encoding OMX ...
... no UTF-8 mapping file for font encoding OMX
Now handling font encoding U ...
... no UTF-8 mapping file for font encoding U
   defining Unicode char U+00A9 (decimal 169)
   defining Unicode char U+00AA (decimal 170)
   defining Unicode char U+00AE (decimal 174)
   defining Unicode char U+00BA (decimal 186)
   defining Unicode char U+02C6 (decimal 710)
   defining Unicode char U+02DC (decimal 732)
   defining Unicode char U+200C (decimal 8204)
   defining Unicode char U+2026 (decimal 8230)
   defining Unicode char U+2122 (decimal 8482)
   defining Unicode char U+2423 (decimal 9251)
))
("C:\Program Files (x86)\MiKTeX 2.9\tex\latex\geometry\geometry.sty"
Package: geometry 2010/09/12 v5.6 Page Geometry

("C:\Program Files (x86)\MiKTeX 2.9\tex\latex\graphics\keyval.sty"
Package: keyval 1999/03/16 v1.13 key=value parser (DPC)
\KV@toks@=\toks16
)
("C:\Program Files (x86)\MiKTeX 2.9\tex\generic\oberdiek\ifpdf.sty"
Package: ifpdf 2011/01/30 v2.3 Provides the ifpdf switch (HO)
Package ifpdf Info: pdfTeX in PDF mode is detected.
)
("C:\Program Files (x86)\MiKTeX 2.9\tex\generic\oberdiek\ifvtex.sty"
Package: ifvtex 2010/03/01 v1.5 Switches for detecting VTeX and its modes (HO)
Package ifvtex Info: VTeX not detected.
)
("C:\Program Files (x86)\MiKTeX 2.9\tex\generic\ifxetex\ifxetex.sty"
Package: ifxetex 2010/09/12 v0.6 Provides ifxetex conditional
)
\Gm@cnth=\count87
\Gm@cntv=\count88
\c@Gm@tempcnt=\count89
\Gm@bindingoffset=\dimen103
\Gm@wd@mp=\dimen104
\Gm@odd@mp=\dimen105
\Gm@even@mp=\dimen106
\Gm@layoutwidth=\dimen107
\Gm@layoutheight=\dimen108
\Gm@layouthoffset=\dimen109
\Gm@layoutvoffset=\dimen110
\Gm@dimlist=\toks17

("C:\Program Files (x86)\MiKTeX 2.9\tex\latex\geometry\geometry.cfg"))
("C:\Program Files (x86)\MiKTeX 2.9\tex\latex\graphics\graphicx.sty"
Package: graphicx 1999/02/16 v1.0f Enhanced LaTeX Graphics (DPC,SPQR)

("C:\Program Files (x86)\MiKTeX 2.9\tex\latex\graphics\graphics.sty"
Package: graphics 2009/02/05 v1.0o Standard LaTeX Graphics (DPC,SPQR)

("C:\Program Files (x86)\MiKTeX 2.9\tex\latex\graphics\trig.sty"
Package: trig 1999/03/16 v1.09 sin cos tan (DPC)
)
("C:\Program Files (x86)\MiKTeX 2.9\tex\latex\00miktex\graphics.cfg"
File: graphics.cfg 2007/01/18 v1.5 graphics configuration of teTeX/TeXLive
)
Package graphics Info: Driver file: pdftex.def on input line 91.

("C:\Program Files (x86)\MiKTeX 2.9\tex\latex\pdftex-def\pdftex.def"
File: pdftex.def 2011/05/27 v0.06d Graphics/color for pdfTeX

("C:\Program Files (x86)\MiKTeX 2.9\tex\generic\oberdiek\infwarerr.sty"
Package: infwarerr 2010/04/08 v1.3 Providing info/warning/message (HO)
)
("C:\Program Files (x86)\MiKTeX 2.9\tex\generic\oberdiek\ltxcmds.sty"
Package: ltxcmds 2011/04/18 v1.20 LaTeX kernel commands for general use (HO)
)
\Gread@gobject=\count90
))
\Gin@req@height=\dimen111
\Gin@req@width=\dimen112
)
("C:\Program Files (x86)\MiKTeX 2.9\tex\latex\ams\math\amsmath.sty"
Package: amsmath 2000/07/18 v2.13 AMS math features
\@mathmargin=\skip43

For additional information on amsmath, use the `?' option.
("C:\Program Files (x86)\MiKTeX 2.9\tex\latex\ams\math\amstext.sty"
Package: amstext 2000/06/29 v2.01

("C:\Program Files (x86)\MiKTeX 2.9\tex\latex\ams\math\amsgen.sty"
File: amsgen.sty 1999/11/30 v2.0
\@emptytoks=\toks18
\ex@=\dimen113
))
("C:\Program Files (x86)\MiKTeX 2.9\tex\latex\ams\math\amsbsy.sty"
Package: amsbsy 1999/11/29 v1.2d
\pmbraise@=\dimen114
)
("C:\Program Files (x86)\MiKTeX 2.9\tex\latex\ams\math\amsopn.sty"
Package: amsopn 1999/12/14 v2.01 operator names
)
\inf@bad=\count91
LaTeX Info: Redefining \frac on input line 211.
\uproot@=\count92
\leftroot@=\count93
LaTeX Info: Redefining \overline on input line 307.
\classnum@=\count94
\DOTSCASE@=\count95
LaTeX Info: Redefining \ldots on input line 379.
LaTeX Info: Redefining \dots on input line 382.
LaTeX Info: Redefining \cdots on input line 467.
\Mathstrutbox@=\box26
\strutbox@=\box27
\big@size=\dimen115
LaTeX Font Info:    Redeclaring font encoding OML on input line 567.
LaTeX Font Info:    Redeclaring font encoding OMS on input line 568.
\macc@depth=\count96
\c@MaxMatrixCols=\count97
\dotsspace@=\muskip10
\c@parentequation=\count98
\dspbrk@lvl=\count99
\tag@help=\toks19
\row@=\count100
\column@=\count101
\maxfields@=\count102
\andhelp@=\toks20
\eqnshift@=\dimen116
\alignsep@=\dimen117
\tagshift@=\dimen118
\tagwidth@=\dimen119
\totwidth@=\dimen120
\lineht@=\dimen121
\@envbody=\toks21
\multlinegap=\skip44
\multlinetaggap=\skip45
\mathdisplay@stack=\toks22
LaTeX Info: Redefining \[ on input line 2666.
LaTeX Info: Redefining \] on input line 2667.
)
("C:\Program Files (x86)\MiKTeX 2.9\tex\latex\amsfonts\amsfonts.sty"
Package: amsfonts 2009/06/22 v3.00 Basic AMSFonts support
\symAMSa=\mathgroup4
\symAMSb=\mathgroup5
LaTeX Font Info:    Overwriting math alphabet `\mathfrak' in version `bold'
(Font)                  U/euf/m/n --> U/euf/b/n on input line 96.
)
("C:\Program Files (x86)\MiKTeX 2.9\tex\latex\booktabs\booktabs.sty"
Package: booktabs 2005/04/14 v1.61803 publication quality tables
\heavyrulewidth=\dimen122
\lightrulewidth=\dimen123
\cmidrulewidth=\dimen124
\belowrulesep=\dimen125
\belowbottomsep=\dimen126
\aboverulesep=\dimen127
\abovetopsep=\dimen128
\cmidrulesep=\dimen129
\cmidrulekern=\dimen130
\defaultaddspace=\dimen131
\@cmidla=\count103
\@cmidlb=\count104
\@aboverulesep=\dimen132
\@belowrulesep=\dimen133
\@thisruleclass=\count105
\@lastruleclass=\count106
\@thisrulewidth=\dimen134
)
("C:\Program Files (x86)\MiKTeX 2.9\tex\latex\tools\array.sty"
Package: array 2008/09/09 v2.4c Tabular extension package (FMi)
\col@sep=\dimen135
\extrarowheight=\dimen136
\NC@list=\toks23
\extratabsurround=\skip46
\backup@length=\skip47
)
("C:\Program Files (x86)\MiKTeX 2.9\tex\latex\paralist\paralist.sty"
Package: paralist 2002/03/18 v2.3b Extended list environments (BS)
\pltopsep=\skip48
\plpartopsep=\skip49
\plitemsep=\skip50
\plparsep=\skip51
\pl@lab=\toks24
)
("C:\Program Files (x86)\MiKTeX 2.9\tex\latex\tools\verbatim.sty"
Package: verbatim 2003/08/22 v1.5q LaTeX2e package for verbatim enhancements
\every@verbatim=\toks25
\verbatim@line=\toks26
\verbatim@in@stream=\read1
)
("C:\Program Files (x86)\MiKTeX 2.9\tex\latex\subfig\subfig.sty"
Package: subfig 2005/06/28 ver: 1.3 subfig package

("C:\Program Files (x86)\MiKTeX 2.9\tex\latex\caption\caption.sty"
Package: caption 2010/01/09 v3.1m Customizing captions (AR)

("C:\Program Files (x86)\MiKTeX 2.9\tex\latex\caption\caption3.sty"
Package: caption3 2010/01/14 v3.1m caption3 kernel (AR)
\captionmargin=\dimen137
\captionmargin@=\dimen138
\captionwidth=\dimen139
\caption@indent=\dimen140
\caption@parindent=\dimen141
\caption@hangindent=\dimen142
)
\c@ContinuedFloat=\count107
)
\c@KVtest=\count108
\sf@farskip=\skip52
\sf@captopadj=\dimen143
\sf@capskip=\skip53
\sf@nearskip=\skip54
\c@subfigure=\count109
\c@subfigure@save=\count110
\c@lofdepth=\count111
\c@subtable=\count112
\c@subtable@save=\count113
\c@lotdepth=\count114
\sf@top=\skip55
\sf@bottom=\skip56
)
("C:\Program Files (x86)\MiKTeX 2.9\tex\latex\fancyhdr\fancyhdr.sty"
\fancy@headwidth=\skip57
\f@ncyO@elh=\skip58
\f@ncyO@erh=\skip59
\f@ncyO@olh=\skip60
\f@ncyO@orh=\skip61
\f@ncyO@elf=\skip62
\f@ncyO@erf=\skip63
\f@ncyO@olf=\skip64
\f@ncyO@orf=\skip65
)
("C:\Program Files (x86)\MiKTeX 2.9\tex\latex\sectsty\sectsty.sty"
Package: sectsty 2002/02/25 v2.0.2 Commands to change all sectional heading sty
les
)
("C:\Program Files (x86)\MiKTeX 2.9\tex\latex\tocbibind\tocbibind.sty"
Package: tocbibind 2010/10/13 v1.5k extra ToC listings
Package tocbibind Info: The document has section divisions on input line 50.


Package tocbibind Note: Using section or other style headings.

) ("C:\Program Files (x86)\MiKTeX 2.9\tex\latex\tocloft\tocloft.sty"
Package: tocloft 2010/10/13 v2.3e parameterised ToC, etc., typesetting
Package tocloft Info: The document has section divisions on input line 43.
\cftparskip=\skip66
\cftbeforetoctitleskip=\skip67
\cftaftertoctitleskip=\skip68
\cftbeforepartskip=\skip69
\cftpartnumwidth=\skip70
\cftpartindent=\skip71
\cftbeforesecskip=\skip72
\cftsecindent=\skip73
\cftsecnumwidth=\skip74
\cftbeforesubsecskip=\skip75
\cftsubsecindent=\skip76
\cftsubsecnumwidth=\skip77
\cftbeforesubsubsecskip=\skip78
\cftsubsubsecindent=\skip79
\cftsubsubsecnumwidth=\skip80
\cftbeforeparaskip=\skip81
\cftparaindent=\skip82
\cftparanumwidth=\skip83
\cftbeforesubparaskip=\skip84
\cftsubparaindent=\skip85
\cftsubparanumwidth=\skip86
\cftbeforeloftitleskip=\skip87
\cftafterloftitleskip=\skip88
\cftbeforefigskip=\skip89
\cftfigindent=\skip90
\cftfignumwidth=\skip91
\cftbeforelottitleskip=\skip92
\cftafterlottitleskip=\skip93
\cftbeforetabskip=\skip94
\cfttabindent=\skip95
\cfttabnumwidth=\skip96
\cftbeforesubfigskip=\skip97
\cftsubfigindent=\skip98
\cftsubfignumwidth=\skip99
\cftbeforesubtabskip=\skip100
\cftsubtabindent=\skip101
\cftsubtabnumwidth=\skip102
)
("C:\Users\tmm13\Dropbox\Tom\PhD\assignments\2013\Computational Stochastic Proc
esses\project3\assignment3.aux")
LaTeX Font Info:    Checking defaults for OML/cmm/m/it on input line 63.
LaTeX Font Info:    ... okay on input line 63.
LaTeX Font Info:    Checking defaults for T1/cmr/m/n on input line 63.
LaTeX Font Info:    ... okay on input line 63.
LaTeX Font Info:    Checking defaults for OT1/cmr/m/n on input line 63.
LaTeX Font Info:    ... okay on input line 63.
LaTeX Font Info:    Checking defaults for OMS/cmsy/m/n on input line 63.
LaTeX Font Info:    ... okay on input line 63.
LaTeX Font Info:    Checking defaults for OMX/cmex/m/n on input line 63.
LaTeX Font Info:    ... okay on input line 63.
LaTeX Font Info:    Checking defaults for U/cmr/m/n on input line 63.
LaTeX Font Info:    ... okay on input line 63.

*geometry* driver: auto-detecting
*geometry* detected driver: pdftex
*geometry* verbose mode - [ preamble ] result:
* driver: pdftex
* paper: a4paper
* layout: <same size as paper>
* layoutoffset:(h,v)=(0.0pt,0.0pt)
* modes: 
* h-part:(L,W,R)=(89.62709pt, 418.25368pt, 89.6271pt)
* v-part:(T,H,B)=(101.40665pt, 591.5302pt, 152.11pt)
* \paperwidth=597.50787pt
* \paperheight=845.04684pt
* \textwidth=418.25368pt
* \textheight=591.5302pt
* \oddsidemargin=17.3571pt
* \evensidemargin=17.3571pt
* \topmargin=-7.86334pt
* \headheight=12.0pt
* \headsep=25.0pt
* \topskip=11.0pt
* \footskip=30.0pt
* \marginparwidth=59.0pt
* \marginparsep=10.0pt
* \columnsep=10.0pt
* \skip\footins=10.0pt plus 4.0pt minus 2.0pt
* \hoffset=0.0pt
* \voffset=0.0pt
* \mag=1000
* \@twocolumnfalse
* \@twosidefalse
* \@mparswitchfalse
* \@reversemarginfalse
* (1in=72.27pt=25.4mm, 1cm=28.453pt)

("C:\Program Files (x86)\MiKTeX 2.9\tex\context\base\supp-pdf.mkii"
[Loading MPS to PDF converter (version 2006.09.02).]
\scratchcounter=\count115
\scratchdimen=\dimen144
\scratchbox=\box28
\nofMPsegments=\count116
\nofMParguments=\count117
\everyMPshowfont=\toks27
\MPscratchCnt=\count118
\MPscratchDim=\dimen145
\MPnumerator=\count119
\makeMPintoPDFobject=\count120
\everyMPtoPDFconversion=\toks28
)
Package caption Info: Begin \AtBeginDocument code.
Package caption3 Info: subfig package 1.2 or 1.3 is loaded.
LaTeX Info: Redefining \subref on input line 63.
Package caption Info: End \AtBeginDocument code.
LaTeX Font Info:    Try loading font information for U+msa on input line 64.
 ("C:\Program Files (x86)\MiKTeX 2.9\tex\latex\amsfonts\umsa.fd"
File: umsa.fd 2009/06/22 v3.00 AMS symbols A
)
LaTeX Font Info:    Try loading font information for U+msb on input line 64.

("C:\Program Files (x86)\MiKTeX 2.9\tex\latex\amsfonts\umsb.fd"
File: umsb.fd 2009/06/22 v3.00 AMS symbols B
) [1

{C:/ProgramData/MiKTeX/2.9/pdftex/config/pdftex.map}]
Overfull \hbox (54.24083pt too wide) in paragraph at lines 129--129
[]    \OT1/cmtt/m/n/9 0.4950    0.3032    0.3583    0.4604    0.2044    0.4621 
   0.6109    0.5435    0.3352    0.4904[] 
 []


Overfull \hbox (54.24083pt too wide) in paragraph at lines 130--130
[]    \OT1/cmtt/m/n/9 0.3032    0.4582    0.3662    0.4022    0.1711    0.5557 
   0.5101    0.4424    0.3885    0.4152[] 
 []


Overfull \hbox (54.24083pt too wide) in paragraph at lines 131--131
[]    \OT1/cmtt/m/n/9 0.3583    0.3662    0.5646    0.4878    0.2897    0.5080 
   0.5899    0.6184    0.3896    0.5316[] 
 []


Overfull \hbox (54.24083pt too wide) in paragraph at lines 132--132
[]    \OT1/cmtt/m/n/9 0.4604    0.4022    0.4878    0.5590    0.2863    0.5237 
   0.6722    0.6152    0.4284    0.5620[] 
 []


Overfull \hbox (54.24083pt too wide) in paragraph at lines 133--133
[]    \OT1/cmtt/m/n/9 0.2044    0.1711    0.2897    0.2863    0.3749    0.3298 
   0.4542    0.4692    0.2559    0.4408[] 
 []


Overfull \hbox (54.24083pt too wide) in paragraph at lines 134--134
[]    \OT1/cmtt/m/n/9 0.4621    0.5557    0.5080    0.5237    0.3298    0.8939 
   0.7601    0.7357    0.4579    0.6283[] 
 []


Overfull \hbox (54.24083pt too wide) in paragraph at lines 135--135
[]    \OT1/cmtt/m/n/9 0.6109    0.5101    0.5899    0.6722    0.4542    0.7601 
   1.0000    0.8756    0.5975    0.7677[] 
 []


Overfull \hbox (54.24083pt too wide) in paragraph at lines 136--136
[]    \OT1/cmtt/m/n/9 0.5435    0.4424    0.6184    0.6152    0.4692    0.7357 
   0.8756    0.8867    0.5221    0.8125[] 
 []


Overfull \hbox (54.24083pt too wide) in paragraph at lines 137--137
[]    \OT1/cmtt/m/n/9 0.3352    0.3885    0.3896    0.4284    0.2559    0.4579 
   0.5975    0.5221    0.5922    0.5513[] 
 []


Overfull \hbox (54.24083pt too wide) in paragraph at lines 138--138
[]    \OT1/cmtt/m/n/9 0.4904    0.4152    0.5316    0.5620    0.4408    0.6283 
   0.7677    0.8125    0.5513    0.8717[] 
 []


Overfull \hbox (54.24083pt too wide) in paragraph at lines 145--145
[]    \OT1/cmtt/m/n/9 0.0052    0.0002    0.0039   -0.0041    0.0038    0.0009 
  -0.0003   -0.0069    0.0002    0.0011[] 
 []


Overfull \hbox (54.24083pt too wide) in paragraph at lines 146--146
[]    \OT1/cmtt/m/n/9 0.0002    0.2956   -0.2764    0.0257   -0.0198   -0.2251 
  -0.2615    0.7076    0.0502   -0.2776[] 
 []


Overfull \hbox (54.24083pt too wide) in paragraph at lines 147--147
[]    \OT1/cmtt/m/n/9 0.0039   -0.2764    0.2643   -0.0290    0.0217    0.2116 
   0.2469   -0.6720   -0.0478    0.2626[] 
 []


Overfull \hbox (54.24083pt too wide) in paragraph at lines 148--148
[]   \OT1/cmtt/m/n/9 -0.0041    0.0257   -0.0290    0.0078   -0.0045   -0.0206 
  -0.0248    0.0700    0.0048   -0.0266[] 
 []


Overfull \hbox (54.24083pt too wide) in paragraph at lines 149--149
[]    \OT1/cmtt/m/n/9 0.0038   -0.0198    0.0217   -0.0045    0.0051    0.0161 
   0.0174   -0.0538   -0.0033    0.0196[] 
 []


Overfull \hbox (54.24083pt too wide) in paragraph at lines 150--150
[]    \OT1/cmtt/m/n/9 0.0009   -0.2251    0.2116   -0.0206    0.0161    0.1721 
   0.1994   -0.5415   -0.0384    0.2121[] 
 []


Overfull \hbox (54.24083pt too wide) in paragraph at lines 151--151
[]   \OT1/cmtt/m/n/9 -0.0003   -0.2615    0.2469   -0.0248    0.0174    0.1994 
   0.2349   -0.6313   -0.0458    0.2480[] 
 []


Overfull \hbox (54.24083pt too wide) in paragraph at lines 152--152
[]   \OT1/cmtt/m/n/9 -0.0069    0.7076   -0.6720    0.0700   -0.0538   -0.5415 
  -0.6313    1.7158    0.1223   -0.6715[] 
 []


Overfull \hbox (54.24083pt too wide) in paragraph at lines 153--153
[]    \OT1/cmtt/m/n/9 0.0002    0.0502   -0.0478    0.0048   -0.0033   -0.0384 
  -0.0458    0.1223    0.0096   -0.0484[] 
 []


Overfull \hbox (54.24083pt too wide) in paragraph at lines 154--154
[]    \OT1/cmtt/m/n/9 0.0011   -0.2776    0.2626   -0.0266    0.0196    0.2121 
   0.2480   -0.6715   -0.0484    0.2639[] 
 []

[2]
Overfull \hbox (54.24083pt too wide) in paragraph at lines 161--161
[]    \OT1/cmtt/m/n/9 0.0050    0.0011    0.0027   -0.0038    0.0035    0.0001 
  -0.0011   -0.0041    0.0004    0.0001[] 
 []


Overfull \hbox (54.24083pt too wide) in paragraph at lines 162--162
[]    \OT1/cmtt/m/n/9 0.0011    0.2473   -0.2300    0.0205   -0.0156   -0.1880 
  -0.2184    0.5896    0.0418   -0.2316[] 
 []


Overfull \hbox (54.24083pt too wide) in paragraph at lines 163--163
[]    \OT1/cmtt/m/n/9 0.0027   -0.2300    0.2195   -0.0238    0.0175    0.1759 
   0.2054   -0.5582   -0.0398    0.2184[] 
 []


Overfull \hbox (54.24083pt too wide) in paragraph at lines 164--164
[]   \OT1/cmtt/m/n/9 -0.0038    0.0205   -0.0238    0.0071   -0.0039   -0.0165 
  -0.0201    0.0569    0.0039   -0.0216[] 
 []


Overfull \hbox (54.24083pt too wide) in paragraph at lines 165--165
[]    \OT1/cmtt/m/n/9 0.0035   -0.0156    0.0175   -0.0039    0.0046    0.0128 
   0.0138   -0.0433   -0.0025    0.0156[] 
 []


Overfull \hbox (54.24083pt too wide) in paragraph at lines 166--166
[]    \OT1/cmtt/m/n/9 0.0001   -0.1880    0.1759   -0.0165    0.0128    0.1435 
   0.1662   -0.4506   -0.0320    0.1767[] 
 []


Overfull \hbox (54.24083pt too wide) in paragraph at lines 167--167
[]   \OT1/cmtt/m/n/9 -0.0011   -0.2184    0.2054   -0.0201    0.0138    0.1662 
   0.1964   -0.5258   -0.0383    0.2069[] 
 []


Overfull \hbox (54.24083pt too wide) in paragraph at lines 168--168
[]   \OT1/cmtt/m/n/9 -0.0041    0.5896   -0.5582    0.0569   -0.0433   -0.4506 
  -0.5258    1.4264    0.1019   -0.5589[] 
 []


Overfull \hbox (54.24083pt too wide) in paragraph at lines 169--169
[]    \OT1/cmtt/m/n/9 0.0004    0.0418   -0.0398    0.0039   -0.0025   -0.0320 
  -0.0383    0.1019    0.0081   -0.0405[] 
 []


Overfull \hbox (54.24083pt too wide) in paragraph at lines 170--170
[]    \OT1/cmtt/m/n/9 0.0001   -0.2316    0.2184   -0.0216    0.0156    0.1767 
   0.2069   -0.5589   -0.0405    0.2200[] 
 []

[3] [4] <q3i.jpg, id=28, 1372.12625pt x 654.445pt>
File: q3i.jpg Graphic file (type jpg)
 <use q3i.jpg>
Package pdftex.def Info: q3i.jpg used on input line 251.
(pdftex.def)             Requested size: 376.42575pt x 179.53853pt.

<q3iii.jpg, id=29, 1372.12625pt x 654.445pt>
File: q3iii.jpg Graphic file (type jpg)
 <use q3iii.jpg>
Package pdftex.def Info: q3iii.jpg used on input line 264.
(pdftex.def)             Requested size: 376.42575pt x 179.53853pt.
 [5 <C:/Users/tmm13/Dropbox/Tom/PhD/assignments/2013/Computational Stochastic P
rocesses/project3/q3i.jpg>] [6 <C:/Users/tmm13/Dropbox/Tom/PhD/assignments/2013
/Computational Stochastic Processes/project3/q3iii.jpg>]
Overfull \hbox (18.64659pt too wide) in paragraph at lines 328--328
[]    \OT1/cmtt/m/n/10.95 X(i) = X(i-1) - (8*X(i-1)^3 - 3*X(i-1)^2 - X(i-1) + 0
.5)*dt + 0.5*dW(i);[] 
 []

[7]
Overfull \hbox (5962.78972pt too wide) in paragraph at lines 343--343
[]\OT1/cmtt/m/n/10.95 S1 = (B0*(M6*M3^2 - 2*M3*M4*M5 + M4^3 - M2*M6*M4 + M2*M5^
2))/(M6*M1^2*M4 - M1^2*M5^2 - 2*M6*M1*M2*M3 + 2*M1*M2*M4*M5 + 2*M1*M3^2*M5 - 2*
M1*M3*M4^2 + M6*M2^3 - 2*M2^2*M3*M5 - M2^2*M4^2 + 3*M2*M3^2*M4 - M0*M6*M2*M4 + 
M0*M2*M5^2 - M3^4 + M0*M6*M3^2 - 2*M0*M3*M4*M5 + M0*M4^3) - (B1*(- M3^2*M5 + M3
*M4^2 + M2*M6*M3 - M2*M4*M5 - M1*M6*M4 + M1*M5^2))/(M6*M1^2*M4 - M1^2*M5^2 - 2*
M6*M1*M2*M3 + 2*M1*M2*M4*M5 + 2*M1*M3^2*M5 - 2*M1*M3*M4^2 + M6*M2^3 - 2*M2^2*M3
*M5 - M2^2*M4^2 + 3*M2*M3^2*M4 - M0*M6*M2*M4 + M0*M2*M5^2 - M3^4 + M0*M6*M3^2 -
 2*M0*M3*M4*M5 + M0*M4^3) - (B3*(M5*M2^2 - 2*M2*M3*M4 + M3^3 - M1*M5*M3 + M1*M4
^2))/(M6*M1^2*M4 - M1^2*M5^2 - 2*M6*M1*M2*M3 + 2*M1*M2*M4*M5 + 2*M1*M3^2*M5 - 2
*M1*M3*M4^2 + M6*M2^3 - 2*M2^2*M3*M5 - M2^2*M4^2 + 3*M2*M3^2*M4 - M0*M6*M2*M4 +
 M0*M2*M5^2 - M3^4 + M0*M6*M3^2 - 2*M0*M3*M4*M5 + M0*M4^3) - (B2*(- M6*M2^2 + M
5*M2*M3 + M2*M4^2 - M3^2*M4 + M1*M6*M3 - M1*M5*M4))/(M6*M1^2*M4 - M1^2*M5^2 - 2
*M6*M1*M2*M3 + 2*M1*M2*M4*M5 + 2*M1*M3^2*M5 - 2*M1*M3*M4^2 + M6*M2^3 - 2*M2^2*M
3*M5 - M2^2*M4^2 + 3*M2*M3^2*M4 - M0*M6*M2*M4 + M0*M2*M5^2 - M3^4 + M0*M6*M3^2 
- 2*M0*M3*M4*M5 + M0*M4^3)[] 
 []


Overfull \hbox (6457.17686pt too wide) in paragraph at lines 344--344
[]\OT1/cmtt/m/n/10.95 S2 = (B1*(M6*M2^2 - 2*M2*M3*M5 + M4*M3^2 + M0*M5^2 - M0*M
4*M6))/(2*M6*M1^2*M4 - 2*M1^2*M5^2 - 4*M6*M1*M2*M3 + 4*M1*M2*M4*M5 + 4*M1*M3^2*
M5 - 4*M1*M3*M4^2 + 2*M6*M2^3 - 4*M2^2*M3*M5 - 2*M2^2*M4^2 + 6*M2*M3^2*M4 - 2*M
0*M6*M2*M4 + 2*M0*M2*M5^2 - 2*M3^4 + 2*M0*M6*M3^2 - 4*M0*M3*M4*M5 + 2*M0*M4^3) 
+ (B3*(- M2^2*M4 + M2*M3^2 + M1*M5*M2 - M1*M3*M4 - M0*M5*M3 + M0*M4^2))/(2*M6*M
1^2*M4 - 2*M1^2*M5^2 - 4*M6*M1*M2*M3 + 4*M1*M2*M4*M5 + 4*M1*M3^2*M5 - 4*M1*M3*M
4^2 + 2*M6*M2^3 - 4*M2^2*M3*M5 - 2*M2^2*M4^2 + 6*M2*M3^2*M4 - 2*M0*M6*M2*M4 + 2
*M0*M2*M5^2 - 2*M3^4 + 2*M0*M6*M3^2 - 4*M0*M3*M4*M5 + 2*M0*M4^3) - (B0*(- M3^2*
M5 + M3*M4^2 + M2*M6*M3 - M2*M4*M5 - M1*M6*M4 + M1*M5^2))/(2*M6*M1^2*M4 - 2*M1^
2*M5^2 - 4*M6*M1*M2*M3 + 4*M1*M2*M4*M5 + 4*M1*M3^2*M5 - 4*M1*M3*M4^2 + 2*M6*M2^
3 - 4*M2^2*M3*M5 - 2*M2^2*M4^2 + 6*M2*M3^2*M4 - 2*M0*M6*M2*M4 + 2*M0*M2*M5^2 - 
2*M3^4 + 2*M0*M6*M3^2 - 4*M0*M3*M4*M5 + 2*M0*M4^3) - (B2*(M3^3 - M0*M3*M6 + M0*
M4*M5 + M1*M2*M6 - M1*M3*M5 - M2*M3*M4))/(2*M6*M1^2*M4 - 2*M1^2*M5^2 - 4*M6*M1*
M2*M3 + 4*M1*M2*M4*M5 + 4*M1*M3^2*M5 - 4*M1*M3*M4^2 + 2*M6*M2^3 - 4*M2^2*M3*M5 
- 2*M2^2*M4^2 + 6*M2*M3^2*M4 - 2*M0*M6*M2*M4 + 2*M0*M2*M5^2 - 2*M3^4 + 2*M0*M6*
M3^2 - 4*M0*M3*M4*M5 + 2*M0*M4^3)[] 
 []


Overfull \hbox (6457.17686pt too wide) in paragraph at lines 345--345
[]\OT1/cmtt/m/n/10.95 S3 = (B2*(M6*M1^2 - 2*M1*M3*M4 + M2*M3^2 + M0*M4^2 - M0*M
2*M6))/(3*M6*M1^2*M4 - 3*M1^2*M5^2 - 6*M6*M1*M2*M3 + 6*M1*M2*M4*M5 + 6*M1*M3^2*
M5 - 6*M1*M3*M4^2 + 3*M6*M2^3 - 6*M2^2*M3*M5 - 3*M2^2*M4^2 + 9*M2*M3^2*M4 - 3*M
0*M6*M2*M4 + 3*M0*M2*M5^2 - 3*M3^4 + 3*M0*M6*M3^2 - 6*M0*M3*M4*M5 + 3*M0*M4^3) 
+ (B3*(- M5*M1^2 + M4*M1*M2 + M1*M3^2 - M2^2*M3 + M0*M5*M2 - M0*M4*M3))/(3*M6*M
1^2*M4 - 3*M1^2*M5^2 - 6*M6*M1*M2*M3 + 6*M1*M2*M4*M5 + 6*M1*M3^2*M5 - 6*M1*M3*M
4^2 + 3*M6*M2^3 - 6*M2^2*M3*M5 - 3*M2^2*M4^2 + 9*M2*M3^2*M4 - 3*M0*M6*M2*M4 + 3
*M0*M2*M5^2 - 3*M3^4 + 3*M0*M6*M3^2 - 6*M0*M3*M4*M5 + 3*M0*M4^3) - (B0*(- M6*M2
^2 + M5*M2*M3 + M2*M4^2 - M3^2*M4 + M1*M6*M3 - M1*M5*M4))/(3*M6*M1^2*M4 - 3*M1^
2*M5^2 - 6*M6*M1*M2*M3 + 6*M1*M2*M4*M5 + 6*M1*M3^2*M5 - 6*M1*M3*M4^2 + 3*M6*M2^
3 - 6*M2^2*M3*M5 - 3*M2^2*M4^2 + 9*M2*M3^2*M4 - 3*M0*M6*M2*M4 + 3*M0*M2*M5^2 - 
3*M3^4 + 3*M0*M6*M3^2 - 6*M0*M3*M4*M5 + 3*M0*M4^3) - (B1*(M3^3 - M0*M3*M6 + M0*
M4*M5 + M1*M2*M6 - M1*M3*M5 - M2*M3*M4))/(3*M6*M1^2*M4 - 3*M1^2*M5^2 - 6*M6*M1*
M2*M3 + 6*M1*M2*M4*M5 + 6*M1*M3^2*M5 - 6*M1*M3*M4^2 + 3*M6*M2^3 - 6*M2^2*M3*M5 
- 3*M2^2*M4^2 + 9*M2*M3^2*M4 - 3*M0*M6*M2*M4 + 3*M0*M2*M5^2 - 3*M3^4 + 3*M0*M6*
M3^2 - 6*M0*M3*M4*M5 + 3*M0*M4^3)[] 
 []


Overfull \hbox (6399.68999pt too wide) in paragraph at lines 346--346
[]\OT1/cmtt/m/n/10.95 S4 = (B2*(- M5*M1^2 + M4*M1*M2 + M1*M3^2 - M2^2*M3 + M0*M
5*M2 - M0*M4*M3))/(4*M6*M1^2*M4 - 4*M1^2*M5^2 - 8*M6*M1*M2*M3 + 8*M1*M2*M4*M5 +
 8*M1*M3^2*M5 - 8*M1*M3*M4^2 + 4*M6*M2^3 - 8*M2^2*M3*M5 - 4*M2^2*M4^2 + 12*M2*M
3^2*M4 - 4*M0*M6*M2*M4 + 4*M0*M2*M5^2 - 4*M3^4 + 4*M0*M6*M3^2 - 8*M0*M3*M4*M5 +
 4*M0*M4^3) + (B1*(- M2^2*M4 + M2*M3^2 + M1*M5*M2 - M1*M3*M4 - M0*M5*M3 + M0*M4
^2))/(4*M6*M1^2*M4 - 4*M1^2*M5^2 - 8*M6*M1*M2*M3 + 8*M1*M2*M4*M5 + 8*M1*M3^2*M5
 - 8*M1*M3*M4^2 + 4*M6*M2^3 - 8*M2^2*M3*M5 - 4*M2^2*M4^2 + 12*M2*M3^2*M4 - 4*M0
*M6*M2*M4 + 4*M0*M2*M5^2 - 4*M3^4 + 4*M0*M6*M3^2 - 8*M0*M3*M4*M5 + 4*M0*M4^3) +
 (B3*(M4*M1^2 - 2*M1*M2*M3 + M2^3 - M0*M4*M2 + M0*M3^2))/(4*M6*M1^2*M4 - 4*M1^2
*M5^2 - 8*M6*M1*M2*M3 + 8*M1*M2*M4*M5 + 8*M1*M3^2*M5 - 8*M1*M3*M4^2 + 4*M6*M2^3
 - 8*M2^2*M3*M5 - 4*M2^2*M4^2 + 12*M2*M3^2*M4 - 4*M0*M6*M2*M4 + 4*M0*M2*M5^2 - 
4*M3^4 + 4*M0*M6*M3^2 - 8*M0*M3*M4*M5 + 4*M0*M4^3) - (B0*(M5*M2^2 - 2*M2*M3*M4 
+ M3^3 - M1*M5*M3 + M1*M4^2))/(4*M6*M1^2*M4 - 4*M1^2*M5^2 - 8*M6*M1*M2*M3 + 8*M
1*M2*M4*M5 + 8*M1*M3^2*M5 - 8*M1*M3*M4^2 + 4*M6*M2^3 - 8*M2^2*M3*M5 - 4*M2^2*M4
^2 + 12*M2*M3^2*M4 - 4*M0*M6*M2*M4 + 4*M0*M2*M5^2 - 4*M3^4 + 4*M0*M6*M3^2 - 8*M
0*M3*M4*M5 + 4*M0*M4^3)[] 
 []

[8] [9]
("C:\Users\tmm13\Dropbox\Tom\PhD\assignments\2013\Computational Stochastic Proc
esses\project3\assignment3.aux") ) 
Here is how much of TeX's memory you used:
 4389 strings out of 494045
 63024 string characters out of 3145969
 140648 words of memory out of 3000000
 7613 multiletter control sequences out of 15000+200000
 13809 words of font info for 52 fonts, out of 3000000 for 9000
 715 hyphenation exceptions out of 8191
 44i,11n,43p,1215b,346s stack positions out of 5000i,500n,10000p,200000b,50000s
<C:/Program Files (x86)/MiKTeX 2.9/fonts/type
1/public/amsfonts/cm/cmbx10.pfb><C:/Program Files (x86)/MiKTeX 2.9/fonts/type1/
public/amsfonts/cm/cmex10.pfb><C:/Program Files (x86)/MiKTeX 2.9/fonts/type1/pu
blic/amsfonts/cm/cmmi10.pfb><C:/Program Files (x86)/MiKTeX 2.9/fonts/type1/publ
ic/amsfonts/cm/cmmi6.pfb><C:/Program Files (x86)/MiKTeX 2.9/fonts/type1/public/
amsfonts/cm/cmmi8.pfb><C:/Program Files (x86)/MiKTeX 2.9/fonts/type1/public/ams
fonts/cm/cmr10.pfb><C:/Program Files (x86)/MiKTeX 2.9/fonts/type1/public/amsfon
ts/cm/cmr12.pfb><C:/Program Files (x86)/MiKTeX 2.9/fonts/type1/public/amsfonts/
cm/cmr17.pfb><C:/Program Files (x86)/MiKTeX 2.9/fonts/type1/public/amsfonts/cm/
cmr8.pfb><C:/Program Files (x86)/MiKTeX 2.9/fonts/type1/public/amsfonts/cm/cmss
12.pfb><C:/Program Files (x86)/MiKTeX 2.9/fonts/type1/public/amsfonts/cm/cmsy10
.pfb><C:/Program Files (x86)/MiKTeX 2.9/fonts/type1/public/amsfonts/cm/cmsy8.pf
b><C:/Program Files (x86)/MiKTeX 2.9/fonts/type1/public/amsfonts/cm/cmtt10.pfb>
<C:/Program Files (x86)/MiKTeX 2.9/fonts/type1/public/amsfonts/cm/cmtt9.pfb><C:
/Program Files (x86)/MiKTeX 2.9/fonts/type1/public/amsfonts/symbols/msbm10.pfb>

Output written on assignment3.pdf (9 pages, 300584 bytes).
PDF statistics:
 94 PDF objects out of 1000 (max. 8388607)
 0 named destinations out of 1000 (max. 500000)
 11 words of extra memory for PDF output out of 10000 (max. 10000000)

